<?xml version="1.0" encoding="UTF-8"?>
<!-- Generated by org.testng.reporters.JUnitReportReporter -->
<testsuite hostname="DESKTOP-FMACLJN" failures="0" tests="1" name="testscript.T002" time="0.852" errors="0" timestamp="2022-12-22T17:09:56 IST" skipped="0">
  <testcase classname="testscript.T002" name="Admin" time="0.852"/>
  <system-out/>
</testsuite> <!-- testscript.T002 -->
