<?xml version="1.0" encoding="UTF-8"?>
<!-- Generated by org.testng.reporters.JUnitReportReporter -->
<testsuite hostname="DESKTOP-FMACLJN" failures="0" tests="1" name="testscript.T001" time="27.476" errors="0" timestamp="2022-12-29T10:32:35 IST" skipped="0">
  <testcase classname="testscript.T001" name="Loginp" time="27.476"/>
  <system-out/>
</testsuite> <!-- testscript.T001 -->
