<?xml version="1.0" encoding="UTF-8"?>
<!-- Generated by org.testng.reporters.JUnitReportReporter -->
<testsuite hostname="DESKTOP-FMACLJN" failures="0" tests="1" name="testscript.T002_VerifyOtp" time="21.424" errors="0" timestamp="2023-01-02T15:23:11 IST" skipped="0">
  <testcase classname="testscript.T002_VerifyOtp" name="verifyOtp" time="21.424"/>
  <system-out/>
</testsuite> <!-- testscript.T002_VerifyOtp -->
