<?xml version="1.0" encoding="UTF-8"?>
<!-- Generated by org.testng.reporters.JUnitReportReporter -->
<testsuite hostname="DESKTOP-FMACLJN" failures="0" tests="1" name="testscript.T003" time="10.213" errors="0" timestamp="2022-12-22T17:09:56 IST" skipped="0">
  <testcase classname="testscript.T003" name="punchin" time="10.213"/>
  <system-out/>
</testsuite> <!-- testscript.T003 -->
